<?xml version="1.0" encoding="UTF-8"?>
<testsuite name="TestHtmlBuilders" tests="2" skipped="0" failures="0" errors="0" timestamp="2024-08-05T14:26:43" hostname="detivenc" time="0.018">
  <properties/>
  <testcase name="productTableIsColored" classname="TestHtmlBuilders" time="0.017"/>
  <testcase name="productTableIsFilled" classname="TestHtmlBuilders" time="0.001"/>
  <system-out><![CDATA[]]></system-out>
  <system-err><![CDATA[]]></system-err>
</testsuite>
