<?xml version="1.0" encoding="UTF-8"?>
<testsuite name="TestMaxMin" tests="2" skipped="0" failures="0" errors="0" timestamp="2024-08-04T14:15:54" hostname="detivenc" time="0.037">
  <properties/>
  <testcase name="testTheMostExpensiveOrderedProduct" classname="TestMaxMin" time="0.036"/>
  <testcase name="testCustomerWithMaximumNumberOfOrders" classname="TestMaxMin" time="0.0"/>
  <system-out><![CDATA[]]></system-out>
  <system-err><![CDATA[]]></system-err>
</testsuite>
