<?xml version="1.0" encoding="UTF-8"?>
<testsuite name="TestDelegatesExamples" tests="2" skipped="0" failures="0" errors="0" timestamp="2024-08-05T13:58:15" hostname="detivenc" time="0.013">
  <properties/>
  <testcase name="testLazy" classname="TestDelegatesExamples" time="0.011"/>
  <testcase name="initializedOnce" classname="TestDelegatesExamples" time="0.001"/>
  <system-out><![CDATA[]]></system-out>
  <system-err><![CDATA[]]></system-err>
</testsuite>
