<?xml version="1.0" encoding="UTF-8"?>
<testsuite name="TestIntroduction" tests="1" skipped="0" failures="0" errors="0" timestamp="2024-08-04T12:05:26" hostname="detivenc" time="0.042">
  <properties/>
  <testcase name="testSetOfCustomers" classname="TestIntroduction" time="0.042"/>
  <system-out><![CDATA[]]></system-out>
  <system-err><![CDATA[]]></system-err>
</testsuite>
