<?xml version="1.0" encoding="UTF-8"?>
<testsuite name="TestSum" tests="2" skipped="0" failures="0" errors="0" timestamp="2024-08-04T14:19:07" hostname="detivenc" time="0.036">
  <properties/>
  <testcase name="testGetTotalOrderPrice" classname="TestSum" time="0.035"/>
  <testcase name="testGetTotalOrderPrice1" classname="TestSum" time="0.001"/>
  <system-out><![CDATA[]]></system-out>
  <system-err><![CDATA[]]></system-err>
</testsuite>
