<?xml version="1.0" encoding="UTF-8"?>
<testsuite name="TestDelegatesHowItWorks" tests="1" skipped="0" failures="0" errors="0" timestamp="2024-08-05T14:03:10" hostname="detivenc" time="0.005">
  <properties/>
  <testcase name="testDate" classname="TestDelegatesHowItWorks" time="0.005"/>
  <system-out><![CDATA[]]></system-out>
  <system-err><![CDATA[]]></system-err>
</testsuite>
