<?xml version="1.0" encoding="UTF-8"?>
<testsuite name="TestStringAndMapBuilders" tests="1" skipped="0" failures="0" errors="0" timestamp="2024-08-05T14:16:38" hostname="detivenc" time="0.004">
  <properties/>
  <testcase name="testBuildMap" classname="TestStringAndMapBuilders" time="0.004"/>
  <system-out><![CDATA[]]></system-out>
  <system-err><![CDATA[]]></system-err>
</testsuite>
