<?xml version="1.0" encoding="UTF-8"?>
<testsuite name="TestLazyProperty" tests="2" skipped="0" failures="0" errors="0" timestamp="2024-08-05T13:50:52" hostname="detivenc" time="0.007">
  <properties/>
  <testcase name="testLazy" classname="TestLazyProperty" time="0.006"/>
  <testcase name="initializedOnce" classname="TestLazyProperty" time="0.001"/>
  <system-out><![CDATA[]]></system-out>
  <system-err><![CDATA[]]></system-err>
</testsuite>
