<?xml version="1.0" encoding="UTF-8"?>
<testsuite name="TestInvoke" tests="2" skipped="0" failures="0" errors="0" timestamp="2024-08-04T12:01:44" hostname="detivenc" time="0.013">
  <properties/>
  <testcase name="testInvokeTwice" classname="TestInvoke" time="0.01"/>
  <testcase name="testNumberOfInvocations" classname="TestInvoke" time="0.003"/>
  <system-out><![CDATA[]]></system-out>
  <system-err><![CDATA[]]></system-err>
</testsuite>
