<?xml version="1.0" encoding="UTF-8"?>
<testsuite name="TestGroupBy" tests="1" skipped="0" failures="0" errors="0" timestamp="2024-08-04T12:38:36" hostname="detivenc" time="0.017">
  <properties/>
  <testcase name="testGroupCustomersByCity" classname="TestGroupBy" time="0.017"/>
  <system-out><![CDATA[]]></system-out>
  <system-err><![CDATA[]]></system-err>
</testsuite>
