<?xml version="1.0" encoding="UTF-8"?>
<testsuite name="TestComparison" tests="3" skipped="0" failures="0" errors="0" timestamp="2024-08-04T11:29:57" hostname="detivenc" time="0.007">
  <properties/>
  <testcase name="testAfter" classname="TestComparison" time="0.005"/>
  <testcase name="testSame" classname="TestComparison" time="0.001"/>
  <testcase name="testBefore" classname="TestComparison" time="0.0"/>
  <system-out><![CDATA[]]></system-out>
  <system-err><![CDATA[]]></system-err>
</testsuite>
