<?xml version="1.0" encoding="UTF-8"?>
<testsuite name="TestNamedArguments" tests="1" skipped="0" failures="0" errors="0" timestamp="2024-08-03T22:07:23" hostname="detivenc" time="0.026">
  <properties/>
  <testcase name="testJoinToString" classname="TestNamedArguments" time="0.026"/>
  <system-out><![CDATA[]]></system-out>
  <system-err><![CDATA[]]></system-err>
</testsuite>
