<?xml version="1.0" encoding="UTF-8"?>
<testsuite name="TestTheFunctionWith" tests="2" skipped="0" failures="0" errors="0" timestamp="2024-08-05T14:20:40" hostname="detivenc" time="0.004">
  <properties/>
  <testcase name="testCreateString" classname="TestTheFunctionWith" time="0.003"/>
  <testcase name="testCreateMap" classname="TestTheFunctionWith" time="0.0"/>
  <system-out><![CDATA[]]></system-out>
  <system-err><![CDATA[]]></system-err>
</testsuite>
