<?xml version="1.0" encoding="UTF-8"?>
<testsuite name="TestStart" tests="1" skipped="0" failures="0" errors="0" timestamp="2024-08-03T09:19:05" hostname="detivenc" time="0.004">
  <properties/>
  <testcase name="testOk" classname="TestStart" time="0.004"/>
  <system-out><![CDATA[]]></system-out>
  <system-err><![CDATA[]]></system-err>
</testsuite>
